<?xml version="1.0" encoding="UTF-8"?>
<!-- Generated by org.testng.reporters.JUnitReportReporter -->
<testsuite hostname="Shumson" failures="0" tests="5" name="com.qa.tutorials.testcases.LoginTest" time="61.610" errors="0" timestamp="2022-12-24T21:50:43 EST" skipped="0">
  <testcase classname="com.qa.tutorials.testcases.LoginTest" name="verifyLoginWithValidCredentials" time="9.581"/>
  <system-out/>
  <testcase classname="com.qa.tutorials.testcases.LoginTest" name="verifyLoginWithInValidCredentials" time="14.523"/>
  <system-out/>
  <testcase classname="com.qa.tutorials.testcases.LoginTest" name="VerifyLoginWithInvalidEmailidValidPassword" time="13.218"/>
  <system-out/>
  <testcase classname="com.qa.tutorials.testcases.LoginTest" name="VerifyLoginWithvalidEmailidInValidPassword" time="12.052"/>
  <system-out/>
  <testcase classname="com.qa.tutorials.testcases.LoginTest" name="VerifyLoginWithNoCredentials" time="12.236"/>
  <system-out/>
</testsuite> <!-- com.qa.tutorials.testcases.LoginTest -->
