<?xml version="1.0" encoding="UTF-8"?>
<!-- Generated by org.testng.reporters.JUnitReportReporter -->
<testsuite hostname="Shumson" failures="0" tests="3" name="com.qa.tutorials.testcases.SearchTest" time="19.586" errors="0" timestamp="2022-12-24T21:50:43 EST" skipped="0">
  <testcase classname="com.qa.tutorials.testcases.SearchTest" name="verifySearchWithValidProduct" time="7.287"/>
  <system-out/>
  <testcase classname="com.qa.tutorials.testcases.SearchTest" name="verifySearchWithInValidProduct" time="6.533"/>
  <system-out/>
  <testcase classname="com.qa.tutorials.testcases.SearchTest" name="verifySearchWithoutAnyProduct" time="5.766"/>
  <system-out/>
</testsuite> <!-- com.qa.tutorials.testcases.SearchTest -->
