<?xml version="1.0" encoding="UTF-8"?>
<!-- Generated by org.testng.reporters.JUnitReportReporter -->
<testsuite hostname="Shumson" failures="0" tests="3" name="com.qa.tutorials.testcases.RegisterTest" time="21.532" errors="0" timestamp="2022-12-24T21:50:43 EST" skipped="0">
  <testcase classname="com.qa.tutorials.testcases.RegisterTest" name="verifyRegistrationMandatoryField" time="6.362"/>
  <system-out/>
  <testcase classname="com.qa.tutorials.testcases.RegisterTest" name="verifyRegistrationWithAllField" time="9.464"/>
  <system-out/>
  <testcase classname="com.qa.tutorials.testcases.RegisterTest" name="verifyRegestrationWithoutAnyDetails" time="5.706"/>
  <system-out/>
</testsuite> <!-- com.qa.tutorials.testcases.RegisterTest -->
